2023-10-23 09:36:29.954 [info] Added views:workbench.panel.markers.view in workbench.panel.markers
2023-10-23 09:36:29.954 [info] Added views:workbench.panel.output in workbench.panel.output
2023-10-23 09:36:29.954 [info] Added views:terminal in terminal
2023-10-23 09:36:29.954 [info] Added views:outline in workbench.view.explorer
2023-10-23 09:36:29.954 [info] Added views:workbench.scm in workbench.view.scm
2023-10-23 09:36:29.954 [info] Added views:workbench.view.search in workbench.view.search
2023-10-23 09:36:29.954 [info] Added views:timeline in workbench.view.explorer
2023-10-23 09:36:29.954 [info] Added views:workbench.explorer.fileView in workbench.view.explorer
2023-10-23 09:36:31.061 [info] Added views:workbench.debug.variablesView,workbench.debug.watchExpressionsView,workbench.debug.callStackView,workbench.debug.breakPointsView in workbench.view.debug
2023-10-23 09:36:36.160 [info] Added views:~remote.forwardedPorts in ~remote.forwardedPortsContainer
2023-10-23 09:36:36.955 [info] Added views:workbench.panel.repl.view in workbench.panel.repl
2023-10-23 09:36:37.032 [info] Removed views:workbench.debug.breakPointsView,workbench.debug.callStackView,workbench.debug.watchExpressionsView,workbench.debug.variablesView from workbench.view.debug
2023-10-23 09:36:37.034 [info] Added views:workbench.debug.welcome in workbench.view.debug
2023-10-23 09:39:15.685 [info] Added views:workbench.panel.markers.view in workbench.panel.markers
2023-10-23 09:39:15.685 [info] Added views:workbench.panel.output in workbench.panel.output
2023-10-23 09:39:15.686 [info] Added views:terminal in terminal
2023-10-23 09:39:15.686 [info] Added views:outline in workbench.view.explorer
2023-10-23 09:39:15.686 [info] Added views:workbench.scm in workbench.view.scm
2023-10-23 09:39:15.686 [info] Added views:workbench.view.search in workbench.view.search
2023-10-23 09:39:15.686 [info] Added views:timeline in workbench.view.explorer
2023-10-23 09:39:15.686 [info] Added views:workbench.explorer.fileView in workbench.view.explorer
2023-10-23 09:39:17.835 [info] Added views:workbench.debug.variablesView,workbench.debug.watchExpressionsView,workbench.debug.callStackView,workbench.debug.breakPointsView in workbench.view.debug
2023-10-23 09:39:18.324 [info] Added views:~remote.forwardedPorts in ~remote.forwardedPortsContainer
2023-10-23 09:39:18.731 [info] Added views:workbench.panel.repl.view in workbench.panel.repl
2023-10-23 09:39:18.748 [info] Removed views:workbench.debug.breakPointsView,workbench.debug.callStackView,workbench.debug.watchExpressionsView,workbench.debug.variablesView from workbench.view.debug
2023-10-23 09:39:18.749 [info] Added views:workbench.debug.welcome in workbench.view.debug
2023-10-23 09:44:01.370 [info] Added views:workbench.views.extensions.installed,workbench.views.extensions.popular,extensions.recommendedList in workbench.view.extensions
2023-10-23 09:44:01.391 [info] Removed views:workbench.views.extensions.popular from workbench.view.extensions
2023-10-23 09:44:03.227 [info] Added views:workbench.views.extensions.popular in workbench.view.extensions
2023-10-23 09:44:05.808 [info] Removed views:extensions.recommendedList,workbench.views.extensions.popular,workbench.views.extensions.installed from workbench.view.extensions
2023-10-23 09:44:05.853 [info] Added views:workbench.views.extensions.marketplace in workbench.view.extensions
