2023-10-23 09:36:48.980 [info] Log level: Info
2023-10-23 09:36:48.980 [info] Validating found git in: "git"
2023-10-23 09:36:48.980 [info] Using git "2.39.2" from "git"
2023-10-23 09:36:48.980 [info] > git rev-parse --show-toplevel [40ms]
2023-10-23 09:36:48.980 [info] fatal: not a git repository (or any of the parent directories): .git
2023-10-23 09:36:49.069 [info] > git rev-parse --show-toplevel [26ms]
2023-10-23 09:36:49.069 [info] fatal: not a git repository (or any of the parent directories): .git
2023-10-23 09:36:49.103 [info] > git rev-parse --show-toplevel [8ms]
2023-10-23 09:36:49.103 [info] fatal: not a git repository (or any of the parent directories): .git
2023-10-23 09:36:49.130 [info] > git rev-parse --show-toplevel [9ms]
2023-10-23 09:36:49.130 [info] fatal: not a git repository (or any of the parent directories): .git
2023-10-23 09:36:49.156 [info] > git rev-parse --show-toplevel [7ms]
2023-10-23 09:36:49.156 [info] fatal: not a git repository (or any of the parent directories): .git
2023-10-23 09:36:49.187 [info] > git rev-parse --show-toplevel [10ms]
2023-10-23 09:36:49.187 [info] fatal: not a git repository (or any of the parent directories): .git
2023-10-23 09:36:49.208 [info] > git rev-parse --show-toplevel [4ms]
2023-10-23 09:36:49.208 [info] fatal: not a git repository (or any of the parent directories): .git
2023-10-23 09:36:49.295 [info] > git rev-parse --show-toplevel [72ms]
2023-10-23 09:36:49.295 [info] fatal: not a git repository (or any of the parent directories): .git
2023-10-23 09:37:40.959 [info] > git rev-parse --show-toplevel [85ms]
2023-10-23 09:37:40.960 [info] fatal: not a git repository (or any of the parent directories): .git
2023-10-23 09:39:20.415 [info] Log level: Info
2023-10-23 09:39:20.415 [info] Validating found git in: "git"
2023-10-23 09:39:20.416 [info] Using git "2.39.2" from "git"
2023-10-23 09:39:20.432 [info] > git rev-parse --show-toplevel [19ms]
2023-10-23 09:39:20.432 [info] fatal: not a git repository (or any of the parent directories): .git
2023-10-23 09:39:20.545 [info] > git rev-parse --show-toplevel [21ms]
2023-10-23 09:39:20.545 [info] fatal: not a git repository (or any of the parent directories): .git
2023-10-23 09:39:20.674 [info] > git rev-parse --show-toplevel [54ms]
2023-10-23 09:39:20.674 [info] fatal: not a git repository (or any of the parent directories): .git
2023-10-23 09:39:20.761 [info] > git rev-parse --show-toplevel [25ms]
2023-10-23 09:39:20.762 [info] fatal: not a git repository (or any of the parent directories): .git
2023-10-23 09:39:20.809 [info] > git rev-parse --show-toplevel [3ms]
2023-10-23 09:39:20.809 [info] fatal: not a git repository (or any of the parent directories): .git
2023-10-23 09:39:20.905 [info] > git rev-parse --show-toplevel [27ms]
2023-10-23 09:39:20.905 [info] fatal: not a git repository (or any of the parent directories): .git
2023-10-23 09:39:20.965 [info] > git rev-parse --show-toplevel [15ms]
2023-10-23 09:39:20.965 [info] fatal: not a git repository (or any of the parent directories): .git
2023-10-23 09:39:21.009 [info] > git rev-parse --show-toplevel [5ms]
2023-10-23 09:39:21.009 [info] fatal: not a git repository (or any of the parent directories): .git
2023-10-23 09:39:21.180 [info] > git rev-parse --show-toplevel [100ms]
2023-10-23 09:39:21.180 [info] fatal: not a git repository (or any of the parent directories): .git
2023-10-23 09:39:21.294 [info] > git rev-parse --show-toplevel [47ms]
2023-10-23 09:39:21.294 [info] fatal: not a git repository (or any of the parent directories): .git
2023-10-23 09:39:21.392 [info] > git rev-parse --show-toplevel [20ms]
2023-10-23 09:39:21.393 [info] fatal: not a git repository (or any of the parent directories): .git
2023-10-23 09:39:21.445 [info] > git rev-parse --show-toplevel [10ms]
2023-10-23 09:39:21.446 [info] fatal: not a git repository (or any of the parent directories): .git
2023-10-23 09:39:21.481 [info] > git rev-parse --show-toplevel [3ms]
2023-10-23 09:39:21.481 [info] fatal: not a git repository (or any of the parent directories): .git
2023-10-23 09:39:21.561 [info] > git rev-parse --show-toplevel [25ms]
2023-10-23 09:39:21.561 [info] fatal: not a git repository (or any of the parent directories): .git
2023-10-23 09:39:21.638 [info] > git rev-parse --show-toplevel [17ms]
2023-10-23 09:39:21.638 [info] fatal: not a git repository (or any of the parent directories): .git
2023-10-23 09:39:21.696 [info] > git rev-parse --show-toplevel [13ms]
2023-10-23 09:39:21.696 [info] fatal: not a git repository (or any of the parent directories): .git
2023-10-23 09:39:21.751 [info] > git rev-parse --show-toplevel [15ms]
2023-10-23 09:39:21.751 [info] fatal: not a git repository (or any of the parent directories): .git
2023-10-23 09:39:21.797 [info] > git rev-parse --show-toplevel [17ms]
2023-10-23 09:39:21.797 [info] fatal: not a git repository (or any of the parent directories): .git
2023-10-23 09:39:21.859 [info] > git rev-parse --show-toplevel [42ms]
2023-10-23 09:39:21.859 [info] fatal: not a git repository (or any of the parent directories): .git
2023-10-23 09:39:21.953 [info] > git rev-parse --show-toplevel [22ms]
2023-10-23 09:39:21.953 [info] fatal: not a git repository (or any of the parent directories): .git
2023-10-23 09:39:22.029 [info] > git rev-parse --show-toplevel [19ms]
2023-10-23 09:39:22.029 [info] fatal: not a git repository (or any of the parent directories): .git
2023-10-23 09:39:22.088 [info] > git rev-parse --show-toplevel [27ms]
2023-10-23 09:39:22.088 [info] fatal: not a git repository (or any of the parent directories): .git
2023-10-23 09:39:22.139 [info] > git rev-parse --show-toplevel [13ms]
2023-10-23 09:39:22.139 [info] fatal: not a git repository (or any of the parent directories): .git
2023-10-23 09:39:22.167 [info] > git rev-parse --show-toplevel [9ms]
2023-10-23 09:39:22.167 [info] fatal: not a git repository (or any of the parent directories): .git
2023-10-23 09:39:22.205 [info] > git rev-parse --show-toplevel [7ms]
2023-10-23 09:39:22.205 [info] fatal: not a git repository (or any of the parent directories): .git
2023-10-23 09:39:22.244 [info] > git rev-parse --show-toplevel [19ms]
2023-10-23 09:39:22.244 [info] fatal: not a git repository (or any of the parent directories): .git
2023-10-23 09:39:22.288 [info] > git rev-parse --show-toplevel [5ms]
2023-10-23 09:39:22.288 [info] fatal: not a git repository (or any of the parent directories): .git
2023-10-23 09:39:22.329 [info] > git rev-parse --show-toplevel [5ms]
2023-10-23 09:39:22.329 [info] fatal: not a git repository (or any of the parent directories): .git
2023-10-23 09:39:23.415 [info] > git rev-parse --show-toplevel [25ms]
2023-10-23 09:39:23.415 [info] fatal: not a git repository (or any of the parent directories): .git
2023-10-23 09:46:25.002 [info] > git rev-parse --show-toplevel [18ms]
2023-10-23 09:46:25.002 [info] fatal: not a git repository (or any of the parent directories): .git
2023-10-23 09:46:33.019 [info] > git rev-parse --show-toplevel [7ms]
2023-10-23 09:46:33.019 [info] fatal: not a git repository (or any of the parent directories): .git
2023-10-23 09:53:03.722 [info] > git rev-parse --show-toplevel [3ms]
2023-10-23 09:53:03.722 [info] fatal: not a git repository (or any of the parent directories): .git
2023-10-23 09:53:12.981 [info] > git rev-parse --show-toplevel [13ms]
2023-10-23 09:53:12.982 [info] fatal: not a git repository (or any of the parent directories): .git
2023-10-23 09:54:14.727 [info] > git rev-parse --show-toplevel [4ms]
2023-10-23 09:54:14.728 [info] fatal: not a git repository (or any of the parent directories): .git
2023-10-23 09:54:22.504 [info] > git rev-parse --show-toplevel [7ms]
2023-10-23 09:54:22.504 [info] fatal: not a git repository (or any of the parent directories): .git
2023-10-23 09:55:21.850 [info] > git rev-parse --show-toplevel [17ms]
2023-10-23 09:55:21.850 [info] fatal: not a git repository (or any of the parent directories): .git
2023-10-23 09:55:30.073 [info] > git rev-parse --show-toplevel [16ms]
2023-10-23 09:55:30.074 [info] fatal: not a git repository (or any of the parent directories): .git
2023-10-23 09:55:32.869 [info] > git rev-parse --show-toplevel [21ms]
2023-10-23 09:55:32.869 [info] fatal: not a git repository (or any of the parent directories): .git
2023-10-23 09:55:37.218 [info] > git rev-parse --show-toplevel [9ms]
2023-10-23 09:55:37.219 [info] fatal: not a git repository (or any of the parent directories): .git
2023-10-23 09:55:47.767 [info] > git rev-parse --show-toplevel [17ms]
2023-10-23 09:55:47.767 [info] fatal: not a git repository (or any of the parent directories): .git
2023-10-23 09:55:50.428 [info] > git rev-parse --show-toplevel [11ms]
2023-10-23 09:55:50.429 [info] fatal: not a git repository (or any of the parent directories): .git
2023-10-23 09:55:53.569 [info] > git rev-parse --show-toplevel [9ms]
2023-10-23 09:55:53.570 [info] fatal: not a git repository (or any of the parent directories): .git
2023-10-23 09:55:57.776 [info] > git rev-parse --show-toplevel [16ms]
2023-10-23 09:55:57.776 [info] fatal: not a git repository (or any of the parent directories): .git
2023-10-23 09:56:00.789 [info] > git rev-parse --show-toplevel [8ms]
2023-10-23 09:56:00.790 [info] fatal: not a git repository (or any of the parent directories): .git
2023-10-23 09:56:25.566 [info] > git rev-parse --show-toplevel [10ms]
2023-10-23 09:56:25.567 [info] fatal: not a git repository (or any of the parent directories): .git
2023-10-23 09:56:29.008 [info] > git rev-parse --show-toplevel [8ms]
2023-10-23 09:56:29.008 [info] fatal: not a git repository (or any of the parent directories): .git
2023-10-23 09:56:30.155 [info] > git rev-parse --show-toplevel [8ms]
2023-10-23 09:56:30.155 [info] fatal: not a git repository (or any of the parent directories): .git
2023-10-23 09:56:31.433 [info] > git rev-parse --show-toplevel [4ms]
2023-10-23 09:56:31.433 [info] fatal: not a git repository (or any of the parent directories): .git
